<?xml version="1.0" encoding="UTF-8"?>
<!-- Generated by org.testng.reporters.JUnitXMLReporter -->
<testsuite hostname="DESKTOP-IRNL0R9" ignored="0" name="Logintest" tests="9" failures="6" timestamp="2020-09-01T15:58:16 CEST" time="129.504" errors="0">
  <testcase name="TC_ETS_Login_001" time="2.718" classname="tests.LoginTest"/>
  <testcase name="TC_ETS_Login_002" time="2.123" classname="tests.LoginTest">
    <failure type="java.lang.AssertionError" message="expected [false] but found [true]">
      <![CDATA[java.lang.AssertionError: expected [false] but found [true]
at tests.LoginTest.TC_ETS_Login_002(LoginTest.java:28)
at java.util.ArrayList.forEach(ArrayList.java:1257)
... Removed 34 stack frames]]>
    </failure>
  </testcase> <!-- TC_ETS_Login_002 -->
  <testcase name="TC_ETS_Login_003" time="1.7" classname="tests.LoginTest">
    <failure type="java.lang.AssertionError" message="expected [false] but found [true]">
      <![CDATA[java.lang.AssertionError: expected [false] but found [true]
at tests.LoginTest.TC_ETS_Login_003(LoginTest.java:37)
at java.util.ArrayList.forEach(ArrayList.java:1257)
... Removed 34 stack frames]]>
    </failure>
  </testcase> <!-- TC_ETS_Login_003 -->
  <testcase name="TC_ETS_Login_004" time="2.077" classname="tests.LoginTest">
    <failure type="java.lang.AssertionError" message="expected [false] but found [true]">
      <![CDATA[java.lang.AssertionError: expected [false] but found [true]
at tests.LoginTest.TC_ETS_Login_004(LoginTest.java:45)
at java.util.ArrayList.forEach(ArrayList.java:1257)
... Removed 34 stack frames]]>
    </failure>
  </testcase> <!-- TC_ETS_Login_004 -->
  <testcase name="TC_ETS_Login_005" time="0.626" classname="tests.LoginTest"/>
  <testcase name="TC_ETS_Login_006" time="1.367" classname="tests.LoginTest">
    <failure type="java.lang.AssertionError" message="expected [false] but found [true]">
      <![CDATA[java.lang.AssertionError: expected [false] but found [true]
at tests.LoginTest.TC_ETS_Login_006(LoginTest.java:57)
at java.util.ArrayList.forEach(ArrayList.java:1257)
... Removed 34 stack frames]]>
    </failure>
  </testcase> <!-- TC_ETS_Login_006 -->
  <testcase name="TC_ETS_Login_007" time="1.954" classname="tests.LoginTest"/>
  <testcase name="TC_ETS_Login_008" time="1.518" classname="tests.LoginTest">
    <failure type="java.lang.AssertionError" message="expected [false] but found [true]">
      <![CDATA[java.lang.AssertionError: expected [false] but found [true]
at tests.LoginTest.TC_ETS_Login_008(LoginTest.java:73)
at java.util.ArrayList.forEach(ArrayList.java:1257)
... Removed 34 stack frames]]>
    </failure>
  </testcase> <!-- TC_ETS_Login_008 -->
  <testcase name="TC_ETS_Login_009" time="1.482" classname="tests.LoginTest">
    <failure type="java.lang.AssertionError" message="expected [false] but found [true]">
      <![CDATA[java.lang.AssertionError: expected [false] but found [true]
at tests.LoginTest.TC_ETS_Login_009(LoginTest.java:81)
at java.util.ArrayList.forEach(ArrayList.java:1257)
... Removed 34 stack frames]]>
    </failure>
  </testcase> <!-- TC_ETS_Login_009 -->
</testsuite> <!-- Logintest -->
